<?xml version="1.0" encoding="UTF-8"?>
<!-- Generated by org.testng.reporters.JUnitXMLReporter -->
<testsuite hostname="BLRTESLTP-2132" ignored="0" name="Test3" tests="1" failures="0" timestamp="03 Oct 2018 10:30:11 GMT" time="0.02" errors="0">
  <testcase name="@BeforeTest common" time="0.0" classname="MyFirstProject.Validate">
    <failure type="java.lang.NullPointerException">
      <![CDATA[java.lang.NullPointerException
at resources.Base.initialFunc(Base.java:31)
at MyFirstProject.Validate.common(Validate.java:22)
... Removed 24 stack frames]]>
    </failure>
  </testcase> <!-- @BeforeTest common -->
  <testcase name="@AfterTest done" time="0.0" classname="MyFirstProject.Validate">
    <skipped/>
  </testcase> <!-- @AfterTest done -->
  <testcase name="deriveFunc" time="0.0" classname="MyFirstProject.Validate">
    <skipped/>
  </testcase> <!-- deriveFunc -->
</testsuite> <!-- Test3 -->
